--------- beginning of system
--------- beginning of kernel
--------- beginning of main
03-30 23:43:33.551  4057  4057 W System.err: java.io.FileNotFoundException: /jacoco.exec: open failed: EROFS (Read-only file system)
03-30 23:43:33.551  4057  4057 W System.err: 	at libcore.io.IoBridge.open(IoBridge.java:492)
03-30 23:43:33.551  4057  4057 W System.err: 	at java.io.FileOutputStream.<init>(FileOutputStream.java:236)
03-30 23:43:33.551  4057  4057 W System.err: 	at org.jacoco.agent.rt.internal_8ff85ea.output.FileOutput.openFile(FileOutput.java:67)
03-30 23:43:33.551  4057  4057 W System.err: 	at org.jacoco.agent.rt.internal_8ff85ea.output.FileOutput.startup(FileOutput.java:49)
03-30 23:43:33.551  4057  4057 W System.err: 	at org.jacoco.agent.rt.internal_8ff85ea.Agent.startup(Agent.java:122)
03-30 23:43:33.551  4057  4057 W System.err: 	at org.jacoco.agent.rt.internal_8ff85ea.Agent.getInstance(Agent.java:50)
03-30 23:43:33.551  4057  4057 W System.err: 	at org.jacoco.agent.rt.internal_8ff85ea.Offline.<clinit>(Offline.java:31)
03-30 23:43:33.552  4057  4057 W System.err: 	at org.jacoco.agent.rt.internal_8ff85ea.Offline.getProbes(Offline.java:51)
03-30 23:43:33.552  4057  4057 W System.err: 	at com.google.samples.apps.sunflower.GardenActivity.$jacocoInit(Unknown Source:13)
03-30 23:43:33.552  4057  4057 W System.err: 	at com.google.samples.apps.sunflower.GardenActivity.<init>(Unknown Source:0)
03-30 23:43:33.552  4057  4057 W System.err: 	at java.lang.Class.newInstance(Native Method)
03-30 23:43:33.552  4057  4057 W System.err: 	at android.app.AppComponentFactory.instantiateActivity(AppComponentFactory.java:95)
03-30 23:43:33.552  4057  4057 W System.err: 	at androidx.core.app.CoreComponentFactory.instantiateActivity(CoreComponentFactory.java:43)
03-30 23:43:33.552  4057  4057 W System.err: 	at android.app.Instrumentation.newActivity(Instrumentation.java:1253)
03-30 23:43:33.552  4057  4057 W System.err: 	at android.app.ActivityThread.performLaunchActivity(ActivityThread.java:3353)
03-30 23:43:33.552  4057  4057 W System.err: 	at android.app.ActivityThread.handleLaunchActivity(ActivityThread.java:3601)
03-30 23:43:33.552  4057  4057 W System.err: 	at android.app.servertransaction.LaunchActivityItem.execute(LaunchActivityItem.java:85)
03-30 23:43:33.552  4057  4057 W System.err: 	at android.app.servertransaction.TransactionExecutor.executeCallbacks(TransactionExecutor.java:135)
03-30 23:43:33.552  4057  4057 W System.err: 	at android.app.servertransaction.TransactionExecutor.execute(TransactionExecutor.java:95)
03-30 23:43:33.552  4057  4057 W System.err: 	at android.app.ActivityThread$H.handleMessage(ActivityThread.java:2066)
03-30 23:43:33.552  4057  4057 W System.err: 	at android.os.Handler.dispatchMessage(Handler.java:106)
03-30 23:43:33.552  4057  4057 W System.err: 	at android.os.Looper.loop(Looper.java:223)
03-30 23:43:33.552  4057  4057 W System.err: 	at android.app.ActivityThread.main(ActivityThread.java:7656)
03-30 23:43:33.552  4057  4057 W System.err: 	at java.lang.reflect.Method.invoke(Native Method)
03-30 23:43:33.552  4057  4057 W System.err: 	at com.android.internal.os.RuntimeInit$MethodAndArgsCaller.run(RuntimeInit.java:592)
03-30 23:43:33.552  4057  4057 W System.err: 	at com.android.internal.os.ZygoteInit.main(ZygoteInit.java:947)
03-30 23:43:33.552  4057  4057 W System.err: Caused by: android.system.ErrnoException: open failed: EROFS (Read-only file system)
03-30 23:43:33.552  4057  4057 W System.err: 	at libcore.io.Linux.open(Native Method)
03-30 23:43:33.552  4057  4057 W System.err: 	at libcore.io.ForwardingOs.open(ForwardingOs.java:166)
03-30 23:43:33.552  4057  4057 W System.err: 	at libcore.io.BlockGuardOs.open(BlockGuardOs.java:254)
03-30 23:43:33.552  4057  4057 W System.err: 	at libcore.io.ForwardingOs.open(ForwardingOs.java:166)
03-30 23:43:33.552  4057  4057 W System.err: 	at android.app.ActivityThread$AndroidOs.open(ActivityThread.java:7542)
03-30 23:43:33.552  4057  4057 W System.err: 	at libcore.io.IoBridge.open(IoBridge.java:478)
03-30 23:43:33.552  4057  4057 W System.err: 	... 25 more
--------- beginning of crash
03-30 23:45:01.516  4057  4057 E AndroidRuntime: FATAL EXCEPTION: main
03-30 23:45:01.516  4057  4057 E AndroidRuntime: Process: com.google.samples.apps.sunflower, PID: 4057
03-30 23:45:01.516  4057  4057 E AndroidRuntime: java.lang.IllegalArgumentException: navigation destination com.google.samples.apps.sunflower:id/action_plant_list_fragment_to_plant_detail_fragment is unknown to this NavController
03-30 23:45:01.516  4057  4057 E AndroidRuntime: 	at androidx.navigation.NavController.navigate(NavController.java:691)
03-30 23:45:01.516  4057  4057 E AndroidRuntime: 	at androidx.navigation.NavController.navigate(NavController.java:648)
03-30 23:45:01.516  4057  4057 E AndroidRuntime: 	at androidx.navigation.NavController.navigate(NavController.java:634)
03-30 23:45:01.516  4057  4057 E AndroidRuntime: 	at androidx.navigation.NavController.navigate(NavController.java:712)
03-30 23:45:01.516  4057  4057 E AndroidRuntime: 	at com.google.samples.apps.sunflower.adapters.PlantAdapter$createOnClickListener$1.onClick(PlantAdapter.kt:51)
03-30 23:45:01.516  4057  4057 E AndroidRuntime: 	at android.view.View.performClick(View.java:7448)
03-30 23:45:01.516  4057  4057 E AndroidRuntime: 	at android.view.View.performClickInternal(View.java:7425)
03-30 23:45:01.516  4057  4057 E AndroidRuntime: 	at android.view.View.access$3600(View.java:810)
03-30 23:45:01.516  4057  4057 E AndroidRuntime: 	at android.view.View$PerformClick.run(View.java:28305)
03-30 23:45:01.516  4057  4057 E AndroidRuntime: 	at android.os.Handler.handleCallback(Handler.java:938)
03-30 23:45:01.516  4057  4057 E AndroidRuntime: 	at android.os.Handler.dispatchMessage(Handler.java:99)
03-30 23:45:01.516  4057  4057 E AndroidRuntime: 	at android.os.Looper.loop(Looper.java:223)
03-30 23:45:01.516  4057  4057 E AndroidRuntime: 	at android.app.ActivityThread.main(ActivityThread.java:7656)
03-30 23:45:01.516  4057  4057 E AndroidRuntime: 	at java.lang.reflect.Method.invoke(Native Method)
03-30 23:45:01.516  4057  4057 E AndroidRuntime: 	at com.android.internal.os.RuntimeInit$MethodAndArgsCaller.run(RuntimeInit.java:592)
03-30 23:45:01.516  4057  4057 E AndroidRuntime: 	at com.android.internal.os.ZygoteInit.main(ZygoteInit.java:947)
03-30 23:46:23.083  5957  5957 W System.err: java.io.FileNotFoundException: /jacoco.exec: open failed: EROFS (Read-only file system)
03-30 23:46:23.083  5957  5957 W System.err: 	at libcore.io.IoBridge.open(IoBridge.java:492)
03-30 23:46:23.083  5957  5957 W System.err: 	at java.io.FileOutputStream.<init>(FileOutputStream.java:236)
03-30 23:46:23.083  5957  5957 W System.err: 	at org.jacoco.agent.rt.internal_8ff85ea.output.FileOutput.openFile(FileOutput.java:67)
03-30 23:46:23.083  5957  5957 W System.err: 	at org.jacoco.agent.rt.internal_8ff85ea.output.FileOutput.startup(FileOutput.java:49)
03-30 23:46:23.083  5957  5957 W System.err: 	at org.jacoco.agent.rt.internal_8ff85ea.Agent.startup(Agent.java:122)
03-30 23:46:23.083  5957  5957 W System.err: 	at org.jacoco.agent.rt.internal_8ff85ea.Agent.getInstance(Agent.java:50)
03-30 23:46:23.083  5957  5957 W System.err: 	at org.jacoco.agent.rt.internal_8ff85ea.Offline.<clinit>(Offline.java:31)
03-30 23:46:23.083  5957  5957 W System.err: 	at org.jacoco.agent.rt.internal_8ff85ea.Offline.getProbes(Offline.java:51)
03-30 23:46:23.083  5957  5957 W System.err: 	at com.google.samples.apps.sunflower.GardenActivity.$jacocoInit(Unknown Source:13)
03-30 23:46:23.083  5957  5957 W System.err: 	at com.google.samples.apps.sunflower.GardenActivity.<init>(Unknown Source:0)
03-30 23:46:23.083  5957  5957 W System.err: 	at java.lang.Class.newInstance(Native Method)
03-30 23:46:23.083  5957  5957 W System.err: 	at android.app.AppComponentFactory.instantiateActivity(AppComponentFactory.java:95)
03-30 23:46:23.083  5957  5957 W System.err: 	at androidx.core.app.CoreComponentFactory.instantiateActivity(CoreComponentFactory.java:43)
03-30 23:46:23.083  5957  5957 W System.err: 	at android.app.Instrumentation.newActivity(Instrumentation.java:1253)
03-30 23:46:23.084  5957  5957 W System.err: 	at android.app.ActivityThread.performLaunchActivity(ActivityThread.java:3353)
03-30 23:46:23.084  5957  5957 W System.err: 	at android.app.ActivityThread.handleLaunchActivity(ActivityThread.java:3601)
03-30 23:46:23.084  5957  5957 W System.err: 	at android.app.servertransaction.LaunchActivityItem.execute(LaunchActivityItem.java:85)
03-30 23:46:23.084  5957  5957 W System.err: 	at android.app.servertransaction.TransactionExecutor.executeCallbacks(TransactionExecutor.java:135)
03-30 23:46:23.084  5957  5957 W System.err: 	at android.app.servertransaction.TransactionExecutor.execute(TransactionExecutor.java:95)
03-30 23:46:23.084  5957  5957 W System.err: 	at android.app.ActivityThread$H.handleMessage(ActivityThread.java:2066)
03-30 23:46:23.084  5957  5957 W System.err: 	at android.os.Handler.dispatchMessage(Handler.java:106)
03-30 23:46:23.084  5957  5957 W System.err: 	at android.os.Looper.loop(Looper.java:223)
03-30 23:46:23.084  5957  5957 W System.err: 	at android.app.ActivityThread.main(ActivityThread.java:7656)
03-30 23:46:23.084  5957  5957 W System.err: 	at java.lang.reflect.Method.invoke(Native Method)
03-30 23:46:23.084  5957  5957 W System.err: 	at com.android.internal.os.RuntimeInit$MethodAndArgsCaller.run(RuntimeInit.java:592)
03-30 23:46:23.084  5957  5957 W System.err: 	at com.android.internal.os.ZygoteInit.main(ZygoteInit.java:947)
03-30 23:46:23.084  5957  5957 W System.err: Caused by: android.system.ErrnoException: open failed: EROFS (Read-only file system)
03-30 23:46:23.084  5957  5957 W System.err: 	at libcore.io.Linux.open(Native Method)
03-30 23:46:23.084  5957  5957 W System.err: 	at libcore.io.ForwardingOs.open(ForwardingOs.java:166)
03-30 23:46:23.084  5957  5957 W System.err: 	at libcore.io.BlockGuardOs.open(BlockGuardOs.java:254)
03-30 23:46:23.084  5957  5957 W System.err: 	at libcore.io.ForwardingOs.open(ForwardingOs.java:166)
03-30 23:46:23.084  5957  5957 W System.err: 	at android.app.ActivityThread$AndroidOs.open(ActivityThread.java:7542)
03-30 23:46:23.085  5957  5957 W System.err: 	at libcore.io.IoBridge.open(IoBridge.java:478)
03-30 23:46:23.085  5957  5957 W System.err: 	... 25 more
03-30 23:48:33.349  6200  6200 W System.err: java.io.FileNotFoundException: /jacoco.exec: open failed: EROFS (Read-only file system)
03-30 23:48:33.349  6200  6200 W System.err: 	at libcore.io.IoBridge.open(IoBridge.java:492)
03-30 23:48:33.349  6200  6200 W System.err: 	at java.io.FileOutputStream.<init>(FileOutputStream.java:236)
03-30 23:48:33.349  6200  6200 W System.err: 	at org.jacoco.agent.rt.internal_8ff85ea.output.FileOutput.openFile(FileOutput.java:67)
03-30 23:48:33.349  6200  6200 W System.err: 	at org.jacoco.agent.rt.internal_8ff85ea.output.FileOutput.startup(FileOutput.java:49)
03-30 23:48:33.349  6200  6200 W System.err: 	at org.jacoco.agent.rt.internal_8ff85ea.Agent.startup(Agent.java:122)
03-30 23:48:33.349  6200  6200 W System.err: 	at org.jacoco.agent.rt.internal_8ff85ea.Agent.getInstance(Agent.java:50)
03-30 23:48:33.349  6200  6200 W System.err: 	at org.jacoco.agent.rt.internal_8ff85ea.Offline.<clinit>(Offline.java:31)
03-30 23:48:33.349  6200  6200 W System.err: 	at org.jacoco.agent.rt.internal_8ff85ea.Offline.getProbes(Offline.java:51)
03-30 23:48:33.349  6200  6200 W System.err: 	at de.k3b.android.androFotoFinder.AndroFotoFinderApp.$jacocoInit(Unknown Source:13)
03-30 23:48:33.349  6200  6200 W System.err: 	at de.k3b.android.androFotoFinder.AndroFotoFinderApp.<init>(Unknown Source:0)
03-30 23:48:33.349  6200  6200 W System.err: 	at java.lang.Class.newInstance(Native Method)
03-30 23:48:33.349  6200  6200 W System.err: 	at android.app.AppComponentFactory.instantiateApplication(AppComponentFactory.java:76)
03-30 23:48:33.349  6200  6200 W System.err: 	at android.app.Instrumentation.newApplication(Instrumentation.java:1158)
03-30 23:48:33.349  6200  6200 W System.err: 	at android.app.LoadedApk.makeApplication(LoadedApk.java:1236)
03-30 23:48:33.349  6200  6200 W System.err: 	at android.app.ActivityThread.handleBindApplication(ActivityThread.java:6683)
03-30 23:48:33.349  6200  6200 W System.err: 	at android.app.ActivityThread.access$1300(ActivityThread.java:237)
03-30 23:48:33.349  6200  6200 W System.err: 	at android.app.ActivityThread$H.handleMessage(ActivityThread.java:1913)
03-30 23:48:33.350  6200  6200 W System.err: 	at android.os.Handler.dispatchMessage(Handler.java:106)
03-30 23:48:33.350  6200  6200 W System.err: 	at android.os.Looper.loop(Looper.java:223)
03-30 23:48:33.350  6200  6200 W System.err: 	at android.app.ActivityThread.main(ActivityThread.java:7656)
03-30 23:48:33.350  6200  6200 W System.err: 	at java.lang.reflect.Method.invoke(Native Method)
03-30 23:48:33.350  6200  6200 W System.err: 	at com.android.internal.os.RuntimeInit$MethodAndArgsCaller.run(RuntimeInit.java:592)
03-30 23:48:33.350  6200  6200 W System.err: 	at com.android.internal.os.ZygoteInit.main(ZygoteInit.java:947)
03-30 23:48:33.350  6200  6200 W System.err: Caused by: android.system.ErrnoException: open failed: EROFS (Read-only file system)
03-30 23:48:33.350  6200  6200 W System.err: 	at libcore.io.Linux.open(Native Method)
03-30 23:48:33.350  6200  6200 W System.err: 	at libcore.io.ForwardingOs.open(ForwardingOs.java:166)
03-30 23:48:33.350  6200  6200 W System.err: 	at libcore.io.BlockGuardOs.open(BlockGuardOs.java:254)
03-30 23:48:33.350  6200  6200 W System.err: 	at libcore.io.ForwardingOs.open(ForwardingOs.java:166)
03-30 23:48:33.350  6200  6200 W System.err: 	at android.app.ActivityThread$AndroidOs.open(ActivityThread.java:7542)
03-30 23:48:33.350  6200  6200 W System.err: 	at libcore.io.IoBridge.open(IoBridge.java:478)
03-30 23:48:33.350  6200  6200 W System.err: 	... 22 more
03-31 00:04:22.148  5957  5957 E AndroidRuntime: FATAL EXCEPTION: main
03-31 00:04:22.148  5957  5957 E AndroidRuntime: Process: com.google.samples.apps.sunflower, PID: 5957
03-31 00:04:22.148  5957  5957 E AndroidRuntime: java.lang.IllegalArgumentException: navigation destination com.google.samples.apps.sunflower:id/action_plant_list_fragment_to_plant_detail_fragment is unknown to this NavController
03-31 00:04:22.148  5957  5957 E AndroidRuntime: 	at androidx.navigation.NavController.navigate(NavController.java:691)
03-31 00:04:22.148  5957  5957 E AndroidRuntime: 	at androidx.navigation.NavController.navigate(NavController.java:648)
03-31 00:04:22.148  5957  5957 E AndroidRuntime: 	at androidx.navigation.NavController.navigate(NavController.java:634)
03-31 00:04:22.148  5957  5957 E AndroidRuntime: 	at androidx.navigation.NavController.navigate(NavController.java:712)
03-31 00:04:22.148  5957  5957 E AndroidRuntime: 	at com.google.samples.apps.sunflower.adapters.PlantAdapter$createOnClickListener$1.onClick(PlantAdapter.kt:51)
03-31 00:04:22.148  5957  5957 E AndroidRuntime: 	at android.view.View.performClick(View.java:7448)
03-31 00:04:22.148  5957  5957 E AndroidRuntime: 	at android.view.View.performClickInternal(View.java:7425)
03-31 00:04:22.148  5957  5957 E AndroidRuntime: 	at android.view.View.access$3600(View.java:810)
03-31 00:04:22.148  5957  5957 E AndroidRuntime: 	at android.view.View$PerformClick.run(View.java:28305)
03-31 00:04:22.148  5957  5957 E AndroidRuntime: 	at android.os.Handler.handleCallback(Handler.java:938)
03-31 00:04:22.148  5957  5957 E AndroidRuntime: 	at android.os.Handler.dispatchMessage(Handler.java:99)
03-31 00:04:22.148  5957  5957 E AndroidRuntime: 	at android.os.Looper.loop(Looper.java:223)
03-31 00:04:22.148  5957  5957 E AndroidRuntime: 	at android.app.ActivityThread.main(ActivityThread.java:7656)
03-31 00:04:22.148  5957  5957 E AndroidRuntime: 	at java.lang.reflect.Method.invoke(Native Method)
03-31 00:04:22.148  5957  5957 E AndroidRuntime: 	at com.android.internal.os.RuntimeInit$MethodAndArgsCaller.run(RuntimeInit.java:592)
03-31 00:04:22.148  5957  5957 E AndroidRuntime: 	at com.android.internal.os.ZygoteInit.main(ZygoteInit.java:947)
03-31 00:05:45.607  8932  8932 W System.err: java.io.FileNotFoundException: /jacoco.exec: open failed: EROFS (Read-only file system)
03-31 00:05:45.607  8932  8932 W System.err: 	at libcore.io.IoBridge.open(IoBridge.java:492)
03-31 00:05:45.607  8932  8932 W System.err: 	at java.io.FileOutputStream.<init>(FileOutputStream.java:236)
03-31 00:05:45.607  8932  8932 W System.err: 	at org.jacoco.agent.rt.internal_8ff85ea.output.FileOutput.openFile(FileOutput.java:67)
03-31 00:05:45.607  8932  8932 W System.err: 	at org.jacoco.agent.rt.internal_8ff85ea.output.FileOutput.startup(FileOutput.java:49)
03-31 00:05:45.607  8932  8932 W System.err: 	at org.jacoco.agent.rt.internal_8ff85ea.Agent.startup(Agent.java:122)
03-31 00:05:45.607  8932  8932 W System.err: 	at org.jacoco.agent.rt.internal_8ff85ea.Agent.getInstance(Agent.java:50)
03-31 00:05:45.607  8932  8932 W System.err: 	at org.jacoco.agent.rt.internal_8ff85ea.Offline.<clinit>(Offline.java:31)
03-31 00:05:45.607  8932  8932 W System.err: 	at org.jacoco.agent.rt.internal_8ff85ea.Offline.getProbes(Offline.java:51)
03-31 00:05:45.607  8932  8932 W System.err: 	at com.google.samples.apps.sunflower.GardenActivity.$jacocoInit(Unknown Source:13)
03-31 00:05:45.607  8932  8932 W System.err: 	at com.google.samples.apps.sunflower.GardenActivity.<init>(Unknown Source:0)
03-31 00:05:45.607  8932  8932 W System.err: 	at java.lang.Class.newInstance(Native Method)
03-31 00:05:45.607  8932  8932 W System.err: 	at android.app.AppComponentFactory.instantiateActivity(AppComponentFactory.java:95)
03-31 00:05:45.607  8932  8932 W System.err: 	at androidx.core.app.CoreComponentFactory.instantiateActivity(CoreComponentFactory.java:43)
03-31 00:05:45.607  8932  8932 W System.err: 	at android.app.Instrumentation.newActivity(Instrumentation.java:1253)
03-31 00:05:45.607  8932  8932 W System.err: 	at android.app.ActivityThread.performLaunchActivity(ActivityThread.java:3353)
03-31 00:05:45.607  8932  8932 W System.err: 	at android.app.ActivityThread.handleLaunchActivity(ActivityThread.java:3601)
03-31 00:05:45.607  8932  8932 W System.err: 	at android.app.servertransaction.LaunchActivityItem.execute(LaunchActivityItem.java:85)
03-31 00:05:45.607  8932  8932 W System.err: 	at android.app.servertransaction.TransactionExecutor.executeCallbacks(TransactionExecutor.java:135)
03-31 00:05:45.607  8932  8932 W System.err: 	at android.app.servertransaction.TransactionExecutor.execute(TransactionExecutor.java:95)
03-31 00:05:45.607  8932  8932 W System.err: 	at android.app.ActivityThread$H.handleMessage(ActivityThread.java:2066)
03-31 00:05:45.607  8932  8932 W System.err: 	at android.os.Handler.dispatchMessage(Handler.java:106)
03-31 00:05:45.607  8932  8932 W System.err: 	at android.os.Looper.loop(Looper.java:223)
03-31 00:05:45.607  8932  8932 W System.err: 	at android.app.ActivityThread.main(ActivityThread.java:7656)
03-31 00:05:45.607  8932  8932 W System.err: 	at java.lang.reflect.Method.invoke(Native Method)
03-31 00:05:45.607  8932  8932 W System.err: 	at com.android.internal.os.RuntimeInit$MethodAndArgsCaller.run(RuntimeInit.java:592)
03-31 00:05:45.607  8932  8932 W System.err: 	at com.android.internal.os.ZygoteInit.main(ZygoteInit.java:947)
03-31 00:05:45.608  8932  8932 W System.err: Caused by: android.system.ErrnoException: open failed: EROFS (Read-only file system)
03-31 00:05:45.608  8932  8932 W System.err: 	at libcore.io.Linux.open(Native Method)
03-31 00:05:45.608  8932  8932 W System.err: 	at libcore.io.ForwardingOs.open(ForwardingOs.java:166)
03-31 00:05:45.608  8932  8932 W System.err: 	at libcore.io.BlockGuardOs.open(BlockGuardOs.java:254)
03-31 00:05:45.608  8932  8932 W System.err: 	at libcore.io.ForwardingOs.open(ForwardingOs.java:166)
03-31 00:05:45.608  8932  8932 W System.err: 	at android.app.ActivityThread$AndroidOs.open(ActivityThread.java:7542)
03-31 00:05:45.608  8932  8932 W System.err: 	at libcore.io.IoBridge.open(IoBridge.java:478)
03-31 00:05:45.608  8932  8932 W System.err: 	... 25 more
