--------- beginning of main
--------- beginning of system
--------- beginning of kernel
04-01 08:53:05.223  2749  2898 W System.err: SLF4J: Failed to load class "org.slf4j.impl.StaticLoggerBinder".
04-01 08:53:05.223  2749  2898 W System.err: SLF4J: Defaulting to no-operation (NOP) logger implementation
04-01 08:53:05.223  2749  2898 W System.err: SLF4J: See http://www.slf4j.org/codes.html#StaticLoggerBinder for further details.
--------- beginning of crash
04-01 08:53:14.235  2749  2749 E AndroidRuntime: FATAL EXCEPTION: main
04-01 08:53:14.235  2749  2749 E AndroidRuntime: Process: com.nextcloud.client, PID: 2749
04-01 08:53:14.235  2749  2749 E AndroidRuntime: java.lang.NullPointerException: Attempt to invoke virtual method 'void com.owncloud.android.ui.preview.PreviewImageActivity.toggleFullScreen()' on a null object reference
04-01 08:53:14.235  2749  2749 E AndroidRuntime: 	at com.owncloud.android.ui.preview.PreviewImageFragment$2.onClick(PreviewImageFragment.java:198)
04-01 08:53:14.235  2749  2749 E AndroidRuntime: 	at android.view.View.performClick(View.java:7448)
04-01 08:53:14.235  2749  2749 E AndroidRuntime: 	at third_parties.michaelOrtiz.TouchImageViewCustom$GestureListener.onSingleTapConfirmed(TouchImageViewCustom.java:764)
04-01 08:53:14.235  2749  2749 E AndroidRuntime: 	at android.view.GestureDetector$GestureHandler.handleMessage(GestureDetector.java:331)
04-01 08:53:14.235  2749  2749 E AndroidRuntime: 	at android.os.Handler.dispatchMessage(Handler.java:106)
04-01 08:53:14.235  2749  2749 E AndroidRuntime: 	at android.os.Looper.loop(Looper.java:223)
04-01 08:53:14.235  2749  2749 E AndroidRuntime: 	at android.app.ActivityThread.main(ActivityThread.java:7656)
04-01 08:53:14.235  2749  2749 E AndroidRuntime: 	at java.lang.reflect.Method.invoke(Native Method)
04-01 08:53:14.235  2749  2749 E AndroidRuntime: 	at com.android.internal.os.RuntimeInit$MethodAndArgsCaller.run(RuntimeInit.java:592)
04-01 08:53:14.235  2749  2749 E AndroidRuntime: 	at com.android.internal.os.ZygoteInit.main(ZygoteInit.java:947)
04-01 08:53:14.441  2942  2942 W System.err: java.io.FileNotFoundException: /jacoco.exec: open failed: EROFS (Read-only file system)
04-01 08:53:14.441  2942  2942 W System.err: 	at libcore.io.IoBridge.open(IoBridge.java:492)
04-01 08:53:14.441  2942  2942 W System.err: 	at java.io.FileOutputStream.<init>(FileOutputStream.java:236)
04-01 08:53:14.441  2942  2942 W System.err: 	at org.jacoco.agent.rt.internal_8ff85ea.output.FileOutput.openFile(FileOutput.java:67)
04-01 08:53:14.442  2942  2942 W System.err: 	at org.jacoco.agent.rt.internal_8ff85ea.output.FileOutput.startup(FileOutput.java:49)
04-01 08:53:14.442  2942  2942 W System.err: 	at org.jacoco.agent.rt.internal_8ff85ea.Agent.startup(Agent.java:122)
04-01 08:53:14.442  2942  2942 W System.err: 	at org.jacoco.agent.rt.internal_8ff85ea.Agent.getInstance(Agent.java:50)
04-01 08:53:14.442  2942  2942 W System.err: 	at org.jacoco.agent.rt.internal_8ff85ea.Offline.<clinit>(Offline.java:31)
04-01 08:53:14.442  2942  2942 W System.err: 	at org.jacoco.agent.rt.internal_8ff85ea.Offline.getProbes(Offline.java:51)
04-01 08:53:14.442  2942  2942 W System.err: 	at com.owncloud.android.MainApp.$jacocoInit(Unknown Source:13)
04-01 08:53:14.442  2942  2942 W System.err: 	at com.owncloud.android.MainApp.<clinit>(Unknown Source:0)
04-01 08:53:14.442  2942  2942 W System.err: 	at java.lang.Class.newInstance(Native Method)
04-01 08:53:14.442  2942  2942 W System.err: 	at android.app.AppComponentFactory.instantiateApplication(AppComponentFactory.java:76)
04-01 08:53:14.442  2942  2942 W System.err: 	at android.app.Instrumentation.newApplication(Instrumentation.java:1158)
04-01 08:53:14.442  2942  2942 W System.err: 	at android.app.LoadedApk.makeApplication(LoadedApk.java:1236)
04-01 08:53:14.442  2942  2942 W System.err: 	at android.app.ActivityThread.handleBindApplication(ActivityThread.java:6683)
04-01 08:53:14.442  2942  2942 W System.err: 	at android.app.ActivityThread.access$1300(ActivityThread.java:237)
04-01 08:53:14.442  2942  2942 W System.err: 	at android.app.ActivityThread$H.handleMessage(ActivityThread.java:1913)
04-01 08:53:14.442  2942  2942 W System.err: 	at android.os.Handler.dispatchMessage(Handler.java:106)
04-01 08:53:14.442  2942  2942 W System.err: 	at android.os.Looper.loop(Looper.java:223)
04-01 08:53:14.442  2942  2942 W System.err: 	at android.app.ActivityThread.main(ActivityThread.java:7656)
04-01 08:53:14.442  2942  2942 W System.err: 	at java.lang.reflect.Method.invoke(Native Method)
04-01 08:53:14.442  2942  2942 W System.err: 	at com.android.internal.os.RuntimeInit$MethodAndArgsCaller.run(RuntimeInit.java:592)
04-01 08:53:14.442  2942  2942 W System.err: 	at com.android.internal.os.ZygoteInit.main(ZygoteInit.java:947)
04-01 08:53:14.442  2942  2942 W System.err: Caused by: android.system.ErrnoException: open failed: EROFS (Read-only file system)
04-01 08:53:14.442  2942  2942 W System.err: 	at libcore.io.Linux.open(Native Method)
04-01 08:53:14.442  2942  2942 W System.err: 	at libcore.io.ForwardingOs.open(ForwardingOs.java:166)
04-01 08:53:14.442  2942  2942 W System.err: 	at libcore.io.BlockGuardOs.open(BlockGuardOs.java:254)
04-01 08:53:14.442  2942  2942 W System.err: 	at libcore.io.ForwardingOs.open(ForwardingOs.java:166)
04-01 08:53:14.442  2942  2942 W System.err: 	at android.app.ActivityThread$AndroidOs.open(ActivityThread.java:7542)
04-01 08:53:14.443  2942  2942 W System.err: 	at libcore.io.IoBridge.open(IoBridge.java:478)
04-01 08:53:14.443  2942  2942 W System.err: 	... 22 more
04-01 08:53:15.351  2942  2990 W System.err: SLF4J: Failed to load class "org.slf4j.impl.StaticLoggerBinder".
04-01 08:53:15.351  2942  2990 W System.err: SLF4J: Defaulting to no-operation (NOP) logger implementation
04-01 08:53:15.351  2942  2990 W System.err: SLF4J: See http://www.slf4j.org/codes.html#StaticLoggerBinder for further details.
04-01 09:03:52.283  2942  2942 E AndroidRuntime: FATAL EXCEPTION: main
04-01 09:03:52.283  2942  2942 E AndroidRuntime: Process: com.nextcloud.client, PID: 2942
04-01 09:03:52.283  2942  2942 E AndroidRuntime: java.lang.NullPointerException: Attempt to invoke virtual method 'void com.owncloud.android.ui.preview.PreviewImageActivity.toggleFullScreen()' on a null object reference
04-01 09:03:52.283  2942  2942 E AndroidRuntime: 	at com.owncloud.android.ui.preview.PreviewImageFragment$2.onClick(PreviewImageFragment.java:198)
04-01 09:03:52.283  2942  2942 E AndroidRuntime: 	at android.view.View.performClick(View.java:7448)
04-01 09:03:52.283  2942  2942 E AndroidRuntime: 	at third_parties.michaelOrtiz.TouchImageViewCustom$GestureListener.onSingleTapConfirmed(TouchImageViewCustom.java:764)
04-01 09:03:52.283  2942  2942 E AndroidRuntime: 	at android.view.GestureDetector$GestureHandler.handleMessage(GestureDetector.java:331)
04-01 09:03:52.283  2942  2942 E AndroidRuntime: 	at android.os.Handler.dispatchMessage(Handler.java:106)
04-01 09:03:52.283  2942  2942 E AndroidRuntime: 	at android.os.Looper.loop(Looper.java:223)
04-01 09:03:52.283  2942  2942 E AndroidRuntime: 	at android.app.ActivityThread.main(ActivityThread.java:7656)
04-01 09:03:52.283  2942  2942 E AndroidRuntime: 	at java.lang.reflect.Method.invoke(Native Method)
04-01 09:03:52.283  2942  2942 E AndroidRuntime: 	at com.android.internal.os.RuntimeInit$MethodAndArgsCaller.run(RuntimeInit.java:592)
04-01 09:03:52.283  2942  2942 E AndroidRuntime: 	at com.android.internal.os.ZygoteInit.main(ZygoteInit.java:947)
04-01 09:03:52.382  5623  5623 W System.err: java.io.FileNotFoundException: /jacoco.exec: open failed: EROFS (Read-only file system)
04-01 09:03:52.382  5623  5623 W System.err: 	at libcore.io.IoBridge.open(IoBridge.java:492)
04-01 09:03:52.382  5623  5623 W System.err: 	at java.io.FileOutputStream.<init>(FileOutputStream.java:236)
04-01 09:03:52.382  5623  5623 W System.err: 	at org.jacoco.agent.rt.internal_8ff85ea.output.FileOutput.openFile(FileOutput.java:67)
04-01 09:03:52.382  5623  5623 W System.err: 	at org.jacoco.agent.rt.internal_8ff85ea.output.FileOutput.startup(FileOutput.java:49)
04-01 09:03:52.382  5623  5623 W System.err: 	at org.jacoco.agent.rt.internal_8ff85ea.Agent.startup(Agent.java:122)
04-01 09:03:52.382  5623  5623 W System.err: 	at org.jacoco.agent.rt.internal_8ff85ea.Agent.getInstance(Agent.java:50)
04-01 09:03:52.382  5623  5623 W System.err: 	at org.jacoco.agent.rt.internal_8ff85ea.Offline.<clinit>(Offline.java:31)
04-01 09:03:52.382  5623  5623 W System.err: 	at org.jacoco.agent.rt.internal_8ff85ea.Offline.getProbes(Offline.java:51)
04-01 09:03:52.382  5623  5623 W System.err: 	at com.owncloud.android.MainApp.$jacocoInit(Unknown Source:13)
04-01 09:03:52.382  5623  5623 W System.err: 	at com.owncloud.android.MainApp.<clinit>(Unknown Source:0)
04-01 09:03:52.382  5623  5623 W System.err: 	at java.lang.Class.newInstance(Native Method)
04-01 09:03:52.382  5623  5623 W System.err: 	at android.app.AppComponentFactory.instantiateApplication(AppComponentFactory.java:76)
04-01 09:03:52.382  5623  5623 W System.err: 	at android.app.Instrumentation.newApplication(Instrumentation.java:1158)
04-01 09:03:52.382  5623  5623 W System.err: 	at android.app.LoadedApk.makeApplication(LoadedApk.java:1236)
04-01 09:03:52.382  5623  5623 W System.err: 	at android.app.ActivityThread.handleBindApplication(ActivityThread.java:6683)
04-01 09:03:52.382  5623  5623 W System.err: 	at android.app.ActivityThread.access$1300(ActivityThread.java:237)
04-01 09:03:52.382  5623  5623 W System.err: 	at android.app.ActivityThread$H.handleMessage(ActivityThread.java:1913)
04-01 09:03:52.382  5623  5623 W System.err: 	at android.os.Handler.dispatchMessage(Handler.java:106)
04-01 09:03:52.382  5623  5623 W System.err: 	at android.os.Looper.loop(Looper.java:223)
04-01 09:03:52.382  5623  5623 W System.err: 	at android.app.ActivityThread.main(ActivityThread.java:7656)
04-01 09:03:52.382  5623  5623 W System.err: 	at java.lang.reflect.Method.invoke(Native Method)
04-01 09:03:52.382  5623  5623 W System.err: 	at com.android.internal.os.RuntimeInit$MethodAndArgsCaller.run(RuntimeInit.java:592)
04-01 09:03:52.382  5623  5623 W System.err: 	at com.android.internal.os.ZygoteInit.main(ZygoteInit.java:947)
04-01 09:03:52.383  5623  5623 W System.err: Caused by: android.system.ErrnoException: open failed: EROFS (Read-only file system)
04-01 09:03:52.383  5623  5623 W System.err: 	at libcore.io.Linux.open(Native Method)
04-01 09:03:52.383  5623  5623 W System.err: 	at libcore.io.ForwardingOs.open(ForwardingOs.java:166)
04-01 09:03:52.383  5623  5623 W System.err: 	at libcore.io.BlockGuardOs.open(BlockGuardOs.java:254)
04-01 09:03:52.383  5623  5623 W System.err: 	at libcore.io.ForwardingOs.open(ForwardingOs.java:166)
04-01 09:03:52.383  5623  5623 W System.err: 	at android.app.ActivityThread$AndroidOs.open(ActivityThread.java:7542)
04-01 09:03:52.383  5623  5623 W System.err: 	at libcore.io.IoBridge.open(IoBridge.java:478)
04-01 09:03:52.383  5623  5623 W System.err: 	... 22 more
04-01 09:03:53.177  5623  5671 W System.err: SLF4J: Failed to load class "org.slf4j.impl.StaticLoggerBinder".
04-01 09:03:53.177  5623  5671 W System.err: SLF4J: Defaulting to no-operation (NOP) logger implementation
04-01 09:03:53.177  5623  5671 W System.err: SLF4J: See http://www.slf4j.org/codes.html#StaticLoggerBinder for further details.
