--------- beginning of main
--------- beginning of system
--------- beginning of kernel
04-01 01:12:40.040  2847  2847 W System.err: java.io.FileNotFoundException: /jacoco.exec: open failed: EROFS (Read-only file system)
04-01 01:12:40.040  2847  2847 W System.err: 	at libcore.io.IoBridge.open(IoBridge.java:492)
04-01 01:12:40.040  2847  2847 W System.err: 	at java.io.FileOutputStream.<init>(FileOutputStream.java:236)
04-01 01:12:40.040  2847  2847 W System.err: 	at org.jacoco.agent.rt.internal_8ff85ea.output.FileOutput.openFile(FileOutput.java:67)
04-01 01:12:40.040  2847  2847 W System.err: 	at org.jacoco.agent.rt.internal_8ff85ea.output.FileOutput.startup(FileOutput.java:49)
04-01 01:12:40.040  2847  2847 W System.err: 	at org.jacoco.agent.rt.internal_8ff85ea.Agent.startup(Agent.java:122)
04-01 01:12:40.040  2847  2847 W System.err: 	at org.jacoco.agent.rt.internal_8ff85ea.Agent.getInstance(Agent.java:50)
04-01 01:12:40.040  2847  2847 W System.err: 	at org.jacoco.agent.rt.internal_8ff85ea.Offline.<clinit>(Offline.java:31)
04-01 01:12:40.040  2847  2847 W System.err: 	at org.jacoco.agent.rt.internal_8ff85ea.Offline.getProbes(Offline.java:51)
04-01 01:12:40.040  2847  2847 W System.err: 	at it.feio.android.omninotes.OmniNotes.$jacocoInit(Unknown Source:13)
04-01 01:12:40.040  2847  2847 W System.err: 	at it.feio.android.omninotes.OmniNotes.<init>(Unknown Source:0)
04-01 01:12:40.040  2847  2847 W System.err: 	at java.lang.Class.newInstance(Native Method)
04-01 01:12:40.040  2847  2847 W System.err: 	at android.app.AppComponentFactory.instantiateApplication(AppComponentFactory.java:76)
04-01 01:12:40.040  2847  2847 W System.err: 	at androidx.core.app.CoreComponentFactory.instantiateApplication(CoreComponentFactory.java:47)
04-01 01:12:40.041  2847  2847 W System.err: 	at android.app.Instrumentation.newApplication(Instrumentation.java:1158)
04-01 01:12:40.041  2847  2847 W System.err: 	at android.app.LoadedApk.makeApplication(LoadedApk.java:1236)
04-01 01:12:40.041  2847  2847 W System.err: 	at android.app.ActivityThread.handleBindApplication(ActivityThread.java:6683)
04-01 01:12:40.041  2847  2847 W System.err: 	at android.app.ActivityThread.access$1300(ActivityThread.java:237)
04-01 01:12:40.041  2847  2847 W System.err: 	at android.app.ActivityThread$H.handleMessage(ActivityThread.java:1913)
04-01 01:12:40.041  2847  2847 W System.err: 	at android.os.Handler.dispatchMessage(Handler.java:106)
04-01 01:12:40.041  2847  2847 W System.err: 	at android.os.Looper.loop(Looper.java:223)
04-01 01:12:40.041  2847  2847 W System.err: 	at android.app.ActivityThread.main(ActivityThread.java:7656)
04-01 01:12:40.041  2847  2847 W System.err: 	at java.lang.reflect.Method.invoke(Native Method)
04-01 01:12:40.041  2847  2847 W System.err: 	at com.android.internal.os.RuntimeInit$MethodAndArgsCaller.run(RuntimeInit.java:592)
04-01 01:12:40.041  2847  2847 W System.err: 	at com.android.internal.os.ZygoteInit.main(ZygoteInit.java:947)
04-01 01:12:40.041  2847  2847 W System.err: Caused by: android.system.ErrnoException: open failed: EROFS (Read-only file system)
04-01 01:12:40.041  2847  2847 W System.err: 	at libcore.io.Linux.open(Native Method)
04-01 01:12:40.041  2847  2847 W System.err: 	at libcore.io.ForwardingOs.open(ForwardingOs.java:166)
04-01 01:12:40.041  2847  2847 W System.err: 	at libcore.io.BlockGuardOs.open(BlockGuardOs.java:254)
04-01 01:12:40.041  2847  2847 W System.err: 	at libcore.io.ForwardingOs.open(ForwardingOs.java:166)
04-01 01:12:40.041  2847  2847 W System.err: 	at android.app.ActivityThread$AndroidOs.open(ActivityThread.java:7542)
04-01 01:12:40.041  2847  2847 W System.err: 	at libcore.io.IoBridge.open(IoBridge.java:478)
04-01 01:12:40.041  2847  2847 W System.err: 	... 23 more
--------- beginning of crash
04-01 01:12:42.821  2847  2847 E AndroidRuntime: FATAL EXCEPTION: main
04-01 01:12:42.821  2847  2847 E AndroidRuntime: Process: it.feio.android.omninotes.alpha, PID: 2847
04-01 01:12:42.821  2847  2847 E AndroidRuntime: java.lang.NoSuchMethodError: No virtual method fitCenter()Lcom/bumptech/glide/request/RequestOptions; in class Lcom/bumptech/glide/request/RequestOptions; or its super classes (declaration of 'com.bumptech.glide.request.RequestOptions' appears in /data/app/~~2mOBIn3Kns0fQ1cfCt_5cA==/it.feio.android.omninotes.alpha-hK5XU_YxSLsi5fhyEN0haA==/base.apk!classes2.dex)
04-01 01:12:42.821  2847  2847 E AndroidRuntime: 	at it.feio.android.simplegallery.GalleryPagerFragment.onCreateView(GalleryPagerFragment.java:86)
04-01 01:12:42.821  2847  2847 E AndroidRuntime: 	at androidx.fragment.app.Fragment.performCreateView(Fragment.java:2600)
04-01 01:12:42.821  2847  2847 E AndroidRuntime: 	at androidx.fragment.app.FragmentManagerImpl.moveToState(FragmentManagerImpl.java:881)
04-01 01:12:42.821  2847  2847 E AndroidRuntime: 	at androidx.fragment.app.FragmentManagerImpl.moveFragmentToExpectedState(FragmentManagerImpl.java:1238)
04-01 01:12:42.821  2847  2847 E AndroidRuntime: 	at androidx.fragment.app.FragmentManagerImpl.moveToState(FragmentManagerImpl.java:1303)
04-01 01:12:42.821  2847  2847 E AndroidRuntime: 	at androidx.fragment.app.BackStackRecord.executeOps(BackStackRecord.java:439)
04-01 01:12:42.821  2847  2847 E AndroidRuntime: 	at androidx.fragment.app.FragmentManagerImpl.executeOps(FragmentManagerImpl.java:2079)
04-01 01:12:42.821  2847  2847 E AndroidRuntime: 	at androidx.fragment.app.FragmentManagerImpl.executeOpsTogether(FragmentManagerImpl.java:1869)
04-01 01:12:42.821  2847  2847 E AndroidRuntime: 	at androidx.fragment.app.FragmentManagerImpl.removeRedundantOperationsAndExecute(FragmentManagerImpl.java:1824)
04-01 01:12:42.821  2847  2847 E AndroidRuntime: 	at androidx.fragment.app.FragmentManagerImpl.execSingleAction(FragmentManagerImpl.java:1696)
04-01 01:12:42.821  2847  2847 E AndroidRuntime: 	at androidx.fragment.app.BackStackRecord.commitNowAllowingStateLoss(BackStackRecord.java:299)
04-01 01:12:42.821  2847  2847 E AndroidRuntime: 	at androidx.fragment.app.FragmentStatePagerAdapter.finishUpdate(FragmentStatePagerAdapter.java:259)
04-01 01:12:42.821  2847  2847 E AndroidRuntime: 	at androidx.viewpager.widget.ViewPager.populate(ViewPager.java:1244)
04-01 01:12:42.821  2847  2847 E AndroidRuntime: 	at androidx.viewpager.widget.ViewPager.populate(ViewPager.java:1092)
04-01 01:12:42.821  2847  2847 E AndroidRuntime: 	at androidx.viewpager.widget.ViewPager.onMeasure(ViewPager.java:1622)
04-01 01:12:42.821  2847  2847 E AndroidRuntime: 	at android.view.View.measure(View.java:25466)
04-01 01:12:42.821  2847  2847 E AndroidRuntime: 	at android.view.ViewGroup.measureChildWithMargins(ViewGroup.java:6957)
04-01 01:12:42.821  2847  2847 E AndroidRuntime: 	at android.widget.FrameLayout.onMeasure(FrameLayout.java:194)
04-01 01:12:42.821  2847  2847 E AndroidRuntime: 	at android.view.View.measure(View.java:25466)
04-01 01:12:42.821  2847  2847 E AndroidRuntime: 	at android.view.ViewGroup.measureChildWithMargins(ViewGroup.java:6957)
04-01 01:12:42.821  2847  2847 E AndroidRuntime: 	at android.widget.FrameLayout.onMeasure(FrameLayout.java:194)
04-01 01:12:42.821  2847  2847 E AndroidRuntime: 	at androidx.appcompat.widget.ContentFrameLayout.onMeasure(ContentFrameLayout.java:143)
04-01 01:12:42.821  2847  2847 E AndroidRuntime: 	at android.view.View.measure(View.java:25466)
04-01 01:12:42.821  2847  2847 E AndroidRuntime: 	at android.view.ViewGroup.measureChildWithMargins(ViewGroup.java:6957)
04-01 01:12:42.821  2847  2847 E AndroidRuntime: 	at androidx.appcompat.widget.ActionBarOverlayLayout.onMeasure(ActionBarOverlayLayout.java:403)
04-01 01:12:42.821  2847  2847 E AndroidRuntime: 	at android.view.View.measure(View.java:25466)
04-01 01:12:42.821  2847  2847 E AndroidRuntime: 	at android.view.ViewGroup.measureChildWithMargins(ViewGroup.java:6957)
04-01 01:12:42.821  2847  2847 E AndroidRuntime: 	at android.widget.FrameLayout.onMeasure(FrameLayout.java:194)
04-01 01:12:42.821  2847  2847 E AndroidRuntime: 	at android.view.View.measure(View.java:25466)
04-01 01:12:42.821  2847  2847 E AndroidRuntime: 	at android.view.ViewGroup.measureChildWithMargins(ViewGroup.java:6957)
04-01 01:12:42.821  2847  2847 E AndroidRuntime: 	at android.widget.LinearLayout.measureChildBeforeLayout(LinearLayout.java:1552)
04-01 01:12:42.821  2847  2847 E AndroidRuntime: 	at android.widget.LinearLayout.measureVertical(LinearLayout.java:842)
04-01 01:12:42.821  2847  2847 E AndroidRuntime: 	at android.widget.LinearLayout.onMeasure(LinearLayout.java:721)
04-01 01:12:42.821  2847  2847 E AndroidRuntime: 	at android.view.View.measure(View.java:25466)
04-01 01:12:42.821  2847  2847 E AndroidRuntime: 	at android.view.ViewGroup.measureChildWithMargins(ViewGroup.java:6957)
04-01 01:12:42.821  2847  2847 E AndroidRuntime: 	at android.widget.FrameLayout.onMeasure(FrameLayout.java:194)
04-01 01:12:42.821  2847  2847 E AndroidRuntime: 	at com.android.internal.policy.DecorView.onMeasure(DecorView.java:747)
04-01 01:12:42.821  2847  2847 E AndroidRuntime: 	at android.view.View.measure(View.java:25466)
04-01 01:12:42.821  2847  2847 E AndroidRuntime: 	at android.view.ViewRootImpl.performMeasure(ViewRootImpl.java:3397)
04-01 01:12:42.821  2847  2847 E AndroidRuntime: 	at android.view.ViewRootImpl.measureHierarchy(ViewRootImpl.java:2228)
04-01 01:12:42.821  2847  2847 E AndroidRuntime: 	at android.view.ViewRootImpl.performTraversals(ViewRootImpl.java:2486)
04-01 01:12:42.821  2847  2847 E AndroidRuntime: 	at android.view.ViewRootImpl.doTraversal(ViewRootImpl.java:1952)
04-01 01:12:42.821  2847  2847 E AndroidRuntime: 	at android.view.ViewRootImpl$TraversalRunnable.run(ViewRootImpl.java:8171)
04-01 01:12:42.821  2847  2847 E AndroidRuntime: 	at android.view.Choreographer$CallbackRecord.run(Choreographer.java:972)
04-01 01:12:42.821  2847  2847 E AndroidRuntime: 	at android.view.Choreographer.doCallbacks(Choreographer.java:796)
04-01 01:12:42.821  2847  2847 E AndroidRuntime: 	at android.view.Choreographer.doFrame(Choreographer.java:731)
04-01 01:12:42.821  2847  2847 E AndroidRuntime: 	at android.view.Choreographer$FrameDisplayEventReceiver.run(Choreographer.java:957)
04-01 01:12:42.821  2847  2847 E AndroidRuntime: 	at android.os.Handler.handleCallback(Handler.java:938)
04-01 01:12:42.821  2847  2847 E AndroidRuntime: 	at android.os.Handler.dispatchMessage(Handler.java:99)
04-01 01:12:42.821  2847  2847 E AndroidRuntime: 	at android.os.Looper.loop(Looper.java:223)
04-01 01:12:42.821  2847  2847 E AndroidRuntime: 	at android.app.ActivityThread.main(ActivityThread.java:7656)
04-01 01:12:42.821  2847  2847 E AndroidRuntime: 	at java.lang.reflect.Method.invoke(Native Method)
04-01 01:12:42.821  2847  2847 E AndroidRuntime: 	at com.android.internal.os.RuntimeInit$MethodAndArgsCaller.run(RuntimeInit.java:592)
04-01 01:12:42.821  2847  2847 E AndroidRuntime: 	at com.android.internal.os.ZygoteInit.main(ZygoteInit.java:947)
04-01 01:14:00.963  4771  4771 W System.err: java.io.FileNotFoundException: /jacoco.exec: open failed: EROFS (Read-only file system)
04-01 01:14:00.964  4771  4771 W System.err: 	at libcore.io.IoBridge.open(IoBridge.java:492)
04-01 01:14:00.964  4771  4771 W System.err: 	at java.io.FileOutputStream.<init>(FileOutputStream.java:236)
04-01 01:14:00.964  4771  4771 W System.err: 	at org.jacoco.agent.rt.internal_8ff85ea.output.FileOutput.openFile(FileOutput.java:67)
04-01 01:14:00.964  4771  4771 W System.err: 	at org.jacoco.agent.rt.internal_8ff85ea.output.FileOutput.startup(FileOutput.java:49)
04-01 01:14:00.964  4771  4771 W System.err: 	at org.jacoco.agent.rt.internal_8ff85ea.Agent.startup(Agent.java:122)
04-01 01:14:00.964  4771  4771 W System.err: 	at org.jacoco.agent.rt.internal_8ff85ea.Agent.getInstance(Agent.java:50)
04-01 01:14:00.964  4771  4771 W System.err: 	at org.jacoco.agent.rt.internal_8ff85ea.Offline.<clinit>(Offline.java:31)
04-01 01:14:00.964  4771  4771 W System.err: 	at org.jacoco.agent.rt.internal_8ff85ea.Offline.getProbes(Offline.java:51)
04-01 01:14:00.964  4771  4771 W System.err: 	at it.feio.android.omninotes.OmniNotes.$jacocoInit(Unknown Source:13)
04-01 01:14:00.964  4771  4771 W System.err: 	at it.feio.android.omninotes.OmniNotes.<init>(Unknown Source:0)
04-01 01:14:00.964  4771  4771 W System.err: 	at java.lang.Class.newInstance(Native Method)
04-01 01:14:00.964  4771  4771 W System.err: 	at android.app.AppComponentFactory.instantiateApplication(AppComponentFactory.java:76)
04-01 01:14:00.964  4771  4771 W System.err: 	at androidx.core.app.CoreComponentFactory.instantiateApplication(CoreComponentFactory.java:47)
04-01 01:14:00.964  4771  4771 W System.err: 	at android.app.Instrumentation.newApplication(Instrumentation.java:1158)
04-01 01:14:00.964  4771  4771 W System.err: 	at android.app.LoadedApk.makeApplication(LoadedApk.java:1236)
04-01 01:14:00.964  4771  4771 W System.err: 	at android.app.ActivityThread.handleBindApplication(ActivityThread.java:6683)
04-01 01:14:00.964  4771  4771 W System.err: 	at android.app.ActivityThread.access$1300(ActivityThread.java:237)
04-01 01:14:00.964  4771  4771 W System.err: 	at android.app.ActivityThread$H.handleMessage(ActivityThread.java:1913)
04-01 01:14:00.964  4771  4771 W System.err: 	at android.os.Handler.dispatchMessage(Handler.java:106)
04-01 01:14:00.964  4771  4771 W System.err: 	at android.os.Looper.loop(Looper.java:223)
04-01 01:14:00.964  4771  4771 W System.err: 	at android.app.ActivityThread.main(ActivityThread.java:7656)
04-01 01:14:00.965  4771  4771 W System.err: 	at java.lang.reflect.Method.invoke(Native Method)
04-01 01:14:00.965  4771  4771 W System.err: 	at com.android.internal.os.RuntimeInit$MethodAndArgsCaller.run(RuntimeInit.java:592)
04-01 01:14:00.965  4771  4771 W System.err: 	at com.android.internal.os.ZygoteInit.main(ZygoteInit.java:947)
04-01 01:14:00.965  4771  4771 W System.err: Caused by: android.system.ErrnoException: open failed: EROFS (Read-only file system)
04-01 01:14:00.965  4771  4771 W System.err: 	at libcore.io.Linux.open(Native Method)
04-01 01:14:00.965  4771  4771 W System.err: 	at libcore.io.ForwardingOs.open(ForwardingOs.java:166)
04-01 01:14:00.965  4771  4771 W System.err: 	at libcore.io.BlockGuardOs.open(BlockGuardOs.java:254)
04-01 01:14:00.965  4771  4771 W System.err: 	at libcore.io.ForwardingOs.open(ForwardingOs.java:166)
04-01 01:14:00.965  4771  4771 W System.err: 	at android.app.ActivityThread$AndroidOs.open(ActivityThread.java:7542)
04-01 01:14:00.965  4771  4771 W System.err: 	at libcore.io.IoBridge.open(IoBridge.java:478)
04-01 01:14:00.965  4771  4771 W System.err: 	... 23 more
04-01 01:14:09.024  4820  4820 W System.err: java.io.FileNotFoundException: /jacoco.exec: open failed: EROFS (Read-only file system)
04-01 01:14:09.024  4820  4820 W System.err: 	at libcore.io.IoBridge.open(IoBridge.java:492)
04-01 01:14:09.024  4820  4820 W System.err: 	at java.io.FileOutputStream.<init>(FileOutputStream.java:236)
04-01 01:14:09.024  4820  4820 W System.err: 	at org.jacoco.agent.rt.internal_8ff85ea.output.FileOutput.openFile(FileOutput.java:67)
04-01 01:14:09.024  4820  4820 W System.err: 	at org.jacoco.agent.rt.internal_8ff85ea.output.FileOutput.startup(FileOutput.java:49)
04-01 01:14:09.024  4820  4820 W System.err: 	at org.jacoco.agent.rt.internal_8ff85ea.Agent.startup(Agent.java:122)
04-01 01:14:09.024  4820  4820 W System.err: 	at org.jacoco.agent.rt.internal_8ff85ea.Agent.getInstance(Agent.java:50)
04-01 01:14:09.024  4820  4820 W System.err: 	at org.jacoco.agent.rt.internal_8ff85ea.Offline.<clinit>(Offline.java:31)
04-01 01:14:09.024  4820  4820 W System.err: 	at org.jacoco.agent.rt.internal_8ff85ea.Offline.getProbes(Offline.java:51)
04-01 01:14:09.025  4820  4820 W System.err: 	at it.feio.android.omninotes.OmniNotes.$jacocoInit(Unknown Source:13)
04-01 01:14:09.025  4820  4820 W System.err: 	at it.feio.android.omninotes.OmniNotes.<init>(Unknown Source:0)
04-01 01:14:09.025  4820  4820 W System.err: 	at java.lang.Class.newInstance(Native Method)
04-01 01:14:09.025  4820  4820 W System.err: 	at android.app.AppComponentFactory.instantiateApplication(AppComponentFactory.java:76)
04-01 01:14:09.025  4820  4820 W System.err: 	at androidx.core.app.CoreComponentFactory.instantiateApplication(CoreComponentFactory.java:47)
04-01 01:14:09.025  4820  4820 W System.err: 	at android.app.Instrumentation.newApplication(Instrumentation.java:1158)
04-01 01:14:09.025  4820  4820 W System.err: 	at android.app.LoadedApk.makeApplication(LoadedApk.java:1236)
04-01 01:14:09.025  4820  4820 W System.err: 	at android.app.ActivityThread.handleBindApplication(ActivityThread.java:6683)
04-01 01:14:09.025  4820  4820 W System.err: 	at android.app.ActivityThread.access$1300(ActivityThread.java:237)
04-01 01:14:09.025  4820  4820 W System.err: 	at android.app.ActivityThread$H.handleMessage(ActivityThread.java:1913)
04-01 01:14:09.025  4820  4820 W System.err: 	at android.os.Handler.dispatchMessage(Handler.java:106)
04-01 01:14:09.025  4820  4820 W System.err: 	at android.os.Looper.loop(Looper.java:223)
04-01 01:14:09.025  4820  4820 W System.err: 	at android.app.ActivityThread.main(ActivityThread.java:7656)
04-01 01:14:09.025  4820  4820 W System.err: 	at java.lang.reflect.Method.invoke(Native Method)
04-01 01:14:09.025  4820  4820 W System.err: 	at com.android.internal.os.RuntimeInit$MethodAndArgsCaller.run(RuntimeInit.java:592)
04-01 01:14:09.025  4820  4820 W System.err: 	at com.android.internal.os.ZygoteInit.main(ZygoteInit.java:947)
04-01 01:14:09.025  4820  4820 W System.err: Caused by: android.system.ErrnoException: open failed: EROFS (Read-only file system)
04-01 01:14:09.025  4820  4820 W System.err: 	at libcore.io.Linux.open(Native Method)
04-01 01:14:09.025  4820  4820 W System.err: 	at libcore.io.ForwardingOs.open(ForwardingOs.java:166)
04-01 01:14:09.025  4820  4820 W System.err: 	at libcore.io.BlockGuardOs.open(BlockGuardOs.java:254)
04-01 01:14:09.025  4820  4820 W System.err: 	at libcore.io.ForwardingOs.open(ForwardingOs.java:166)
04-01 01:14:09.025  4820  4820 W System.err: 	at android.app.ActivityThread$AndroidOs.open(ActivityThread.java:7542)
04-01 01:14:09.025  4820  4820 W System.err: 	at libcore.io.IoBridge.open(IoBridge.java:478)
04-01 01:14:09.025  4820  4820 W System.err: 	... 23 more
