--------- beginning of system
--------- beginning of main
--------- beginning of kernel
04-01 06:24:25.223  2841  2841 W System.err: java.io.FileNotFoundException: /jacoco.exec: open failed: EROFS (Read-only file system)
04-01 06:24:25.223  2841  2841 W System.err: 	at libcore.io.IoBridge.open(IoBridge.java:492)
04-01 06:24:25.223  2841  2841 W System.err: 	at java.io.FileOutputStream.<init>(FileOutputStream.java:236)
04-01 06:24:25.224  2841  2841 W System.err: 	at org.jacoco.agent.rt.internal_8ff85ea.output.FileOutput.openFile(FileOutput.java:67)
04-01 06:24:25.224  2841  2841 W System.err: 	at org.jacoco.agent.rt.internal_8ff85ea.output.FileOutput.startup(FileOutput.java:49)
04-01 06:24:25.224  2841  2841 W System.err: 	at org.jacoco.agent.rt.internal_8ff85ea.Agent.startup(Agent.java:122)
04-01 06:24:25.224  2841  2841 W System.err: 	at org.jacoco.agent.rt.internal_8ff85ea.Agent.getInstance(Agent.java:50)
04-01 06:24:25.224  2841  2841 W System.err: 	at org.jacoco.agent.rt.internal_8ff85ea.Offline.<clinit>(Offline.java:31)
04-01 06:24:25.224  2841  2841 W System.err: 	at org.jacoco.agent.rt.internal_8ff85ea.Offline.getProbes(Offline.java:51)
04-01 06:24:25.224  2841  2841 W System.err: 	at com.ichi2.anki.AnkiDroidApp.$jacocoInit(Unknown Source:13)
04-01 06:24:25.224  2841  2841 W System.err: 	at com.ichi2.anki.AnkiDroidApp.<clinit>(Unknown Source:0)
04-01 06:24:25.224  2841  2841 W System.err: 	at java.lang.Class.newInstance(Native Method)
04-01 06:24:25.224  2841  2841 W System.err: 	at android.app.AppComponentFactory.instantiateApplication(AppComponentFactory.java:76)
04-01 06:24:25.224  2841  2841 W System.err: 	at android.app.Instrumentation.newApplication(Instrumentation.java:1158)
04-01 06:24:25.224  2841  2841 W System.err: 	at android.app.LoadedApk.makeApplication(LoadedApk.java:1236)
04-01 06:24:25.224  2841  2841 W System.err: 	at android.app.ActivityThread.handleBindApplication(ActivityThread.java:6683)
04-01 06:24:25.224  2841  2841 W System.err: 	at android.app.ActivityThread.access$1300(ActivityThread.java:237)
04-01 06:24:25.224  2841  2841 W System.err: 	at android.app.ActivityThread$H.handleMessage(ActivityThread.java:1913)
04-01 06:24:25.225  2841  2841 W System.err: 	at android.os.Handler.dispatchMessage(Handler.java:106)
04-01 06:24:25.225  2841  2841 W System.err: 	at android.os.Looper.loop(Looper.java:223)
04-01 06:24:25.225  2841  2841 W System.err: 	at android.app.ActivityThread.main(ActivityThread.java:7656)
04-01 06:24:25.225  2841  2841 W System.err: 	at java.lang.reflect.Method.invoke(Native Method)
04-01 06:24:25.225  2841  2841 W System.err: 	at com.android.internal.os.RuntimeInit$MethodAndArgsCaller.run(RuntimeInit.java:592)
04-01 06:24:25.225  2841  2841 W System.err: 	at com.android.internal.os.ZygoteInit.main(ZygoteInit.java:947)
04-01 06:24:25.225  2841  2841 W System.err: Caused by: android.system.ErrnoException: open failed: EROFS (Read-only file system)
04-01 06:24:25.225  2841  2841 W System.err: 	at libcore.io.Linux.open(Native Method)
04-01 06:24:25.225  2841  2841 W System.err: 	at libcore.io.ForwardingOs.open(ForwardingOs.java:166)
04-01 06:24:25.225  2841  2841 W System.err: 	at libcore.io.BlockGuardOs.open(BlockGuardOs.java:254)
04-01 06:24:25.225  2841  2841 W System.err: 	at libcore.io.ForwardingOs.open(ForwardingOs.java:166)
04-01 06:24:25.225  2841  2841 W System.err: 	at android.app.ActivityThread$AndroidOs.open(ActivityThread.java:7542)
04-01 06:24:25.225  2841  2841 W System.err: 	at libcore.io.IoBridge.open(IoBridge.java:478)
04-01 06:24:25.225  2841  2841 W System.err: 	... 22 more
--------- beginning of crash
04-01 06:25:00.094  2841  2841 E AndroidRuntime: FATAL EXCEPTION: main
04-01 06:25:00.094  2841  2841 E AndroidRuntime: Process: com.ichi2.anki, PID: 2841
04-01 06:25:00.094  2841  2841 E AndroidRuntime: java.lang.NullPointerException: Attempt to invoke virtual method 'boolean android.support.v7.widget.SearchView.isIconified()' on a null object reference
04-01 06:25:00.094  2841  2841 E AndroidRuntime: 	at com.ichi2.anki.CardBrowser$20.onPostExecute(CardBrowser.java:1364)
04-01 06:25:00.094  2841  2841 E AndroidRuntime: 	at com.ichi2.async.DeckTask$TaskListener.onPostExecute(DeckTask.java:1521)
04-01 06:25:00.094  2841  2841 E AndroidRuntime: 	at com.ichi2.async.DeckTask.onPostExecute(DeckTask.java:376)
04-01 06:25:00.094  2841  2841 E AndroidRuntime: 	at com.ichi2.async.DeckTask.onPostExecute(DeckTask.java:69)
04-01 06:25:00.094  2841  2841 E AndroidRuntime: 	at android.os.AsyncTask.finish(AsyncTask.java:771)
04-01 06:25:00.094  2841  2841 E AndroidRuntime: 	at android.os.AsyncTask.access$900(AsyncTask.java:199)
04-01 06:25:00.094  2841  2841 E AndroidRuntime: 	at android.os.AsyncTask$InternalHandler.handleMessage(AsyncTask.java:788)
04-01 06:25:00.094  2841  2841 E AndroidRuntime: 	at android.os.Handler.dispatchMessage(Handler.java:106)
04-01 06:25:00.094  2841  2841 E AndroidRuntime: 	at android.os.Looper.loop(Looper.java:223)
04-01 06:25:00.094  2841  2841 E AndroidRuntime: 	at android.app.ActivityThread.main(ActivityThread.java:7656)
04-01 06:25:00.094  2841  2841 E AndroidRuntime: 	at java.lang.reflect.Method.invoke(Native Method)
04-01 06:25:00.094  2841  2841 E AndroidRuntime: 	at com.android.internal.os.RuntimeInit$MethodAndArgsCaller.run(RuntimeInit.java:592)
04-01 06:25:00.094  2841  2841 E AndroidRuntime: 	at com.android.internal.os.ZygoteInit.main(ZygoteInit.java:947)
04-01 06:26:32.692  4643  4643 W System.err: java.io.FileNotFoundException: /jacoco.exec: open failed: EROFS (Read-only file system)
04-01 06:26:32.693  4643  4643 W System.err: 	at libcore.io.IoBridge.open(IoBridge.java:492)
04-01 06:26:32.693  4643  4643 W System.err: 	at java.io.FileOutputStream.<init>(FileOutputStream.java:236)
04-01 06:26:32.693  4643  4643 W System.err: 	at org.jacoco.agent.rt.internal_8ff85ea.output.FileOutput.openFile(FileOutput.java:67)
04-01 06:26:32.693  4643  4643 W System.err: 	at org.jacoco.agent.rt.internal_8ff85ea.output.FileOutput.startup(FileOutput.java:49)
04-01 06:26:32.693  4643  4643 W System.err: 	at org.jacoco.agent.rt.internal_8ff85ea.Agent.startup(Agent.java:122)
04-01 06:26:32.693  4643  4643 W System.err: 	at org.jacoco.agent.rt.internal_8ff85ea.Agent.getInstance(Agent.java:50)
04-01 06:26:32.693  4643  4643 W System.err: 	at org.jacoco.agent.rt.internal_8ff85ea.Offline.<clinit>(Offline.java:31)
04-01 06:26:32.693  4643  4643 W System.err: 	at org.jacoco.agent.rt.internal_8ff85ea.Offline.getProbes(Offline.java:51)
04-01 06:26:32.693  4643  4643 W System.err: 	at com.ichi2.anki.AnkiDroidApp.$jacocoInit(Unknown Source:13)
04-01 06:26:32.693  4643  4643 W System.err: 	at com.ichi2.anki.AnkiDroidApp.<clinit>(Unknown Source:0)
04-01 06:26:32.693  4643  4643 W System.err: 	at java.lang.Class.newInstance(Native Method)
04-01 06:26:32.693  4643  4643 W System.err: 	at android.app.AppComponentFactory.instantiateApplication(AppComponentFactory.java:76)
04-01 06:26:32.693  4643  4643 W System.err: 	at android.app.Instrumentation.newApplication(Instrumentation.java:1158)
04-01 06:26:32.693  4643  4643 W System.err: 	at android.app.LoadedApk.makeApplication(LoadedApk.java:1236)
04-01 06:26:32.693  4643  4643 W System.err: 	at android.app.ActivityThread.handleBindApplication(ActivityThread.java:6683)
04-01 06:26:32.693  4643  4643 W System.err: 	at android.app.ActivityThread.access$1300(ActivityThread.java:237)
04-01 06:26:32.693  4643  4643 W System.err: 	at android.app.ActivityThread$H.handleMessage(ActivityThread.java:1913)
04-01 06:26:32.693  4643  4643 W System.err: 	at android.os.Handler.dispatchMessage(Handler.java:106)
04-01 06:26:32.693  4643  4643 W System.err: 	at android.os.Looper.loop(Looper.java:223)
04-01 06:26:32.693  4643  4643 W System.err: 	at android.app.ActivityThread.main(ActivityThread.java:7656)
04-01 06:26:32.693  4643  4643 W System.err: 	at java.lang.reflect.Method.invoke(Native Method)
04-01 06:26:32.693  4643  4643 W System.err: 	at com.android.internal.os.RuntimeInit$MethodAndArgsCaller.run(RuntimeInit.java:592)
04-01 06:26:32.693  4643  4643 W System.err: 	at com.android.internal.os.ZygoteInit.main(ZygoteInit.java:947)
04-01 06:26:32.693  4643  4643 W System.err: Caused by: android.system.ErrnoException: open failed: EROFS (Read-only file system)
04-01 06:26:32.693  4643  4643 W System.err: 	at libcore.io.Linux.open(Native Method)
04-01 06:26:32.693  4643  4643 W System.err: 	at libcore.io.ForwardingOs.open(ForwardingOs.java:166)
04-01 06:26:32.693  4643  4643 W System.err: 	at libcore.io.BlockGuardOs.open(BlockGuardOs.java:254)
04-01 06:26:32.693  4643  4643 W System.err: 	at libcore.io.ForwardingOs.open(ForwardingOs.java:166)
04-01 06:26:32.694  4643  4643 W System.err: 	at android.app.ActivityThread$AndroidOs.open(ActivityThread.java:7542)
04-01 06:26:32.694  4643  4643 W System.err: 	at libcore.io.IoBridge.open(IoBridge.java:478)
04-01 06:26:32.694  4643  4643 W System.err: 	... 22 more
04-01 06:26:44.466  4643  4643 E AndroidRuntime: FATAL EXCEPTION: main
04-01 06:26:44.466  4643  4643 E AndroidRuntime: Process: com.ichi2.anki, PID: 4643
04-01 06:26:44.466  4643  4643 E AndroidRuntime: java.lang.NullPointerException: Attempt to invoke virtual method 'boolean android.support.v7.widget.SearchView.isIconified()' on a null object reference
04-01 06:26:44.466  4643  4643 E AndroidRuntime: 	at com.ichi2.anki.CardBrowser$20.onPostExecute(CardBrowser.java:1364)
04-01 06:26:44.466  4643  4643 E AndroidRuntime: 	at com.ichi2.async.DeckTask$TaskListener.onPostExecute(DeckTask.java:1521)
04-01 06:26:44.466  4643  4643 E AndroidRuntime: 	at com.ichi2.async.DeckTask.onPostExecute(DeckTask.java:376)
04-01 06:26:44.466  4643  4643 E AndroidRuntime: 	at com.ichi2.async.DeckTask.onPostExecute(DeckTask.java:69)
04-01 06:26:44.466  4643  4643 E AndroidRuntime: 	at android.os.AsyncTask.finish(AsyncTask.java:771)
04-01 06:26:44.466  4643  4643 E AndroidRuntime: 	at android.os.AsyncTask.access$900(AsyncTask.java:199)
04-01 06:26:44.466  4643  4643 E AndroidRuntime: 	at android.os.AsyncTask$InternalHandler.handleMessage(AsyncTask.java:788)
04-01 06:26:44.466  4643  4643 E AndroidRuntime: 	at android.os.Handler.dispatchMessage(Handler.java:106)
04-01 06:26:44.466  4643  4643 E AndroidRuntime: 	at android.os.Looper.loop(Looper.java:223)
04-01 06:26:44.466  4643  4643 E AndroidRuntime: 	at android.app.ActivityThread.main(ActivityThread.java:7656)
04-01 06:26:44.466  4643  4643 E AndroidRuntime: 	at java.lang.reflect.Method.invoke(Native Method)
04-01 06:26:44.466  4643  4643 E AndroidRuntime: 	at com.android.internal.os.RuntimeInit$MethodAndArgsCaller.run(RuntimeInit.java:592)
04-01 06:26:44.466  4643  4643 E AndroidRuntime: 	at com.android.internal.os.ZygoteInit.main(ZygoteInit.java:947)
04-01 06:27:56.378  6253  6253 W System.err: java.io.FileNotFoundException: /jacoco.exec: open failed: EROFS (Read-only file system)
04-01 06:27:56.379  6253  6253 W System.err: 	at libcore.io.IoBridge.open(IoBridge.java:492)
04-01 06:27:56.379  6253  6253 W System.err: 	at java.io.FileOutputStream.<init>(FileOutputStream.java:236)
04-01 06:27:56.379  6253  6253 W System.err: 	at org.jacoco.agent.rt.internal_8ff85ea.output.FileOutput.openFile(FileOutput.java:67)
04-01 06:27:56.379  6253  6253 W System.err: 	at org.jacoco.agent.rt.internal_8ff85ea.output.FileOutput.startup(FileOutput.java:49)
04-01 06:27:56.379  6253  6253 W System.err: 	at org.jacoco.agent.rt.internal_8ff85ea.Agent.startup(Agent.java:122)
04-01 06:27:56.379  6253  6253 W System.err: 	at org.jacoco.agent.rt.internal_8ff85ea.Agent.getInstance(Agent.java:50)
04-01 06:27:56.379  6253  6253 W System.err: 	at org.jacoco.agent.rt.internal_8ff85ea.Offline.<clinit>(Offline.java:31)
04-01 06:27:56.379  6253  6253 W System.err: 	at org.jacoco.agent.rt.internal_8ff85ea.Offline.getProbes(Offline.java:51)
04-01 06:27:56.380  6253  6253 W System.err: 	at com.ichi2.anki.AnkiDroidApp.$jacocoInit(Unknown Source:13)
04-01 06:27:56.380  6253  6253 W System.err: 	at com.ichi2.anki.AnkiDroidApp.<clinit>(Unknown Source:0)
04-01 06:27:56.380  6253  6253 W System.err: 	at java.lang.Class.newInstance(Native Method)
04-01 06:27:56.380  6253  6253 W System.err: 	at android.app.AppComponentFactory.instantiateApplication(AppComponentFactory.java:76)
04-01 06:27:56.380  6253  6253 W System.err: 	at android.app.Instrumentation.newApplication(Instrumentation.java:1158)
04-01 06:27:56.380  6253  6253 W System.err: 	at android.app.LoadedApk.makeApplication(LoadedApk.java:1236)
04-01 06:27:56.380  6253  6253 W System.err: 	at android.app.ActivityThread.handleBindApplication(ActivityThread.java:6683)
04-01 06:27:56.380  6253  6253 W System.err: 	at android.app.ActivityThread.access$1300(ActivityThread.java:237)
04-01 06:27:56.381  6253  6253 W System.err: 	at android.app.ActivityThread$H.handleMessage(ActivityThread.java:1913)
04-01 06:27:56.381  6253  6253 W System.err: 	at android.os.Handler.dispatchMessage(Handler.java:106)
04-01 06:27:56.381  6253  6253 W System.err: 	at android.os.Looper.loop(Looper.java:223)
04-01 06:27:56.381  6253  6253 W System.err: 	at android.app.ActivityThread.main(ActivityThread.java:7656)
04-01 06:27:56.381  6253  6253 W System.err: 	at java.lang.reflect.Method.invoke(Native Method)
04-01 06:27:56.381  6253  6253 W System.err: 	at com.android.internal.os.RuntimeInit$MethodAndArgsCaller.run(RuntimeInit.java:592)
04-01 06:27:56.381  6253  6253 W System.err: 	at com.android.internal.os.ZygoteInit.main(ZygoteInit.java:947)
04-01 06:27:56.382  6253  6253 W System.err: Caused by: android.system.ErrnoException: open failed: EROFS (Read-only file system)
04-01 06:27:56.382  6253  6253 W System.err: 	at libcore.io.Linux.open(Native Method)
04-01 06:27:56.382  6253  6253 W System.err: 	at libcore.io.ForwardingOs.open(ForwardingOs.java:166)
04-01 06:27:56.382  6253  6253 W System.err: 	at libcore.io.BlockGuardOs.open(BlockGuardOs.java:254)
04-01 06:27:56.382  6253  6253 W System.err: 	at libcore.io.ForwardingOs.open(ForwardingOs.java:166)
04-01 06:27:56.382  6253  6253 W System.err: 	at android.app.ActivityThread$AndroidOs.open(ActivityThread.java:7542)
04-01 06:27:56.382  6253  6253 W System.err: 	at libcore.io.IoBridge.open(IoBridge.java:478)
04-01 06:27:56.382  6253  6253 W System.err: 	... 22 more
04-01 06:28:31.128  6253  6253 E AndroidRuntime: FATAL EXCEPTION: main
04-01 06:28:31.128  6253  6253 E AndroidRuntime: Process: com.ichi2.anki, PID: 6253
04-01 06:28:31.128  6253  6253 E AndroidRuntime: java.lang.NullPointerException: Attempt to invoke virtual method 'boolean android.support.v7.widget.SearchView.isIconified()' on a null object reference
04-01 06:28:31.128  6253  6253 E AndroidRuntime: 	at com.ichi2.anki.CardBrowser$20.onPostExecute(CardBrowser.java:1364)
04-01 06:28:31.128  6253  6253 E AndroidRuntime: 	at com.ichi2.async.DeckTask$TaskListener.onPostExecute(DeckTask.java:1521)
04-01 06:28:31.128  6253  6253 E AndroidRuntime: 	at com.ichi2.async.DeckTask.onPostExecute(DeckTask.java:376)
04-01 06:28:31.128  6253  6253 E AndroidRuntime: 	at com.ichi2.async.DeckTask.onPostExecute(DeckTask.java:69)
04-01 06:28:31.128  6253  6253 E AndroidRuntime: 	at android.os.AsyncTask.finish(AsyncTask.java:771)
04-01 06:28:31.128  6253  6253 E AndroidRuntime: 	at android.os.AsyncTask.access$900(AsyncTask.java:199)
04-01 06:28:31.128  6253  6253 E AndroidRuntime: 	at android.os.AsyncTask$InternalHandler.handleMessage(AsyncTask.java:788)
04-01 06:28:31.128  6253  6253 E AndroidRuntime: 	at android.os.Handler.dispatchMessage(Handler.java:106)
04-01 06:28:31.128  6253  6253 E AndroidRuntime: 	at android.os.Looper.loop(Looper.java:223)
04-01 06:28:31.128  6253  6253 E AndroidRuntime: 	at android.app.ActivityThread.main(ActivityThread.java:7656)
04-01 06:28:31.128  6253  6253 E AndroidRuntime: 	at java.lang.reflect.Method.invoke(Native Method)
04-01 06:28:31.128  6253  6253 E AndroidRuntime: 	at com.android.internal.os.RuntimeInit$MethodAndArgsCaller.run(RuntimeInit.java:592)
04-01 06:28:31.128  6253  6253 E AndroidRuntime: 	at com.android.internal.os.ZygoteInit.main(ZygoteInit.java:947)
04-01 06:30:12.110  8077  8077 W System.err: java.io.FileNotFoundException: /jacoco.exec: open failed: EROFS (Read-only file system)
04-01 06:30:12.110  8077  8077 W System.err: 	at libcore.io.IoBridge.open(IoBridge.java:492)
04-01 06:30:12.110  8077  8077 W System.err: 	at java.io.FileOutputStream.<init>(FileOutputStream.java:236)
04-01 06:30:12.110  8077  8077 W System.err: 	at org.jacoco.agent.rt.internal_8ff85ea.output.FileOutput.openFile(FileOutput.java:67)
04-01 06:30:12.110  8077  8077 W System.err: 	at org.jacoco.agent.rt.internal_8ff85ea.output.FileOutput.startup(FileOutput.java:49)
04-01 06:30:12.110  8077  8077 W System.err: 	at org.jacoco.agent.rt.internal_8ff85ea.Agent.startup(Agent.java:122)
04-01 06:30:12.110  8077  8077 W System.err: 	at org.jacoco.agent.rt.internal_8ff85ea.Agent.getInstance(Agent.java:50)
04-01 06:30:12.110  8077  8077 W System.err: 	at org.jacoco.agent.rt.internal_8ff85ea.Offline.<clinit>(Offline.java:31)
04-01 06:30:12.110  8077  8077 W System.err: 	at org.jacoco.agent.rt.internal_8ff85ea.Offline.getProbes(Offline.java:51)
04-01 06:30:12.110  8077  8077 W System.err: 	at com.ichi2.anki.AnkiDroidApp.$jacocoInit(Unknown Source:13)
04-01 06:30:12.110  8077  8077 W System.err: 	at com.ichi2.anki.AnkiDroidApp.<clinit>(Unknown Source:0)
04-01 06:30:12.110  8077  8077 W System.err: 	at java.lang.Class.newInstance(Native Method)
04-01 06:30:12.110  8077  8077 W System.err: 	at android.app.AppComponentFactory.instantiateApplication(AppComponentFactory.java:76)
04-01 06:30:12.110  8077  8077 W System.err: 	at android.app.Instrumentation.newApplication(Instrumentation.java:1158)
04-01 06:30:12.110  8077  8077 W System.err: 	at android.app.LoadedApk.makeApplication(LoadedApk.java:1236)
04-01 06:30:12.110  8077  8077 W System.err: 	at android.app.ActivityThread.handleBindApplication(ActivityThread.java:6683)
04-01 06:30:12.110  8077  8077 W System.err: 	at android.app.ActivityThread.access$1300(ActivityThread.java:237)
04-01 06:30:12.110  8077  8077 W System.err: 	at android.app.ActivityThread$H.handleMessage(ActivityThread.java:1913)
04-01 06:30:12.110  8077  8077 W System.err: 	at android.os.Handler.dispatchMessage(Handler.java:106)
04-01 06:30:12.111  8077  8077 W System.err: 	at android.os.Looper.loop(Looper.java:223)
04-01 06:30:12.111  8077  8077 W System.err: 	at android.app.ActivityThread.main(ActivityThread.java:7656)
04-01 06:30:12.111  8077  8077 W System.err: 	at java.lang.reflect.Method.invoke(Native Method)
04-01 06:30:12.111  8077  8077 W System.err: 	at com.android.internal.os.RuntimeInit$MethodAndArgsCaller.run(RuntimeInit.java:592)
04-01 06:30:12.111  8077  8077 W System.err: 	at com.android.internal.os.ZygoteInit.main(ZygoteInit.java:947)
04-01 06:30:12.111  8077  8077 W System.err: Caused by: android.system.ErrnoException: open failed: EROFS (Read-only file system)
04-01 06:30:12.111  8077  8077 W System.err: 	at libcore.io.Linux.open(Native Method)
04-01 06:30:12.111  8077  8077 W System.err: 	at libcore.io.ForwardingOs.open(ForwardingOs.java:166)
04-01 06:30:12.111  8077  8077 W System.err: 	at libcore.io.BlockGuardOs.open(BlockGuardOs.java:254)
04-01 06:30:12.111  8077  8077 W System.err: 	at libcore.io.ForwardingOs.open(ForwardingOs.java:166)
04-01 06:30:12.111  8077  8077 W System.err: 	at android.app.ActivityThread$AndroidOs.open(ActivityThread.java:7542)
04-01 06:30:12.111  8077  8077 W System.err: 	at libcore.io.IoBridge.open(IoBridge.java:478)
04-01 06:30:12.111  8077  8077 W System.err: 	... 22 more
04-01 06:35:06.118  8387  8387 W System.err: java.io.FileNotFoundException: /jacoco.exec: open failed: EROFS (Read-only file system)
04-01 06:35:06.118  8387  8387 W System.err: 	at libcore.io.IoBridge.open(IoBridge.java:492)
04-01 06:35:06.118  8387  8387 W System.err: 	at java.io.FileOutputStream.<init>(FileOutputStream.java:236)
04-01 06:35:06.118  8387  8387 W System.err: 	at org.jacoco.agent.rt.internal_8ff85ea.output.FileOutput.openFile(FileOutput.java:67)
04-01 06:35:06.118  8387  8387 W System.err: 	at org.jacoco.agent.rt.internal_8ff85ea.output.FileOutput.startup(FileOutput.java:49)
04-01 06:35:06.118  8387  8387 W System.err: 	at org.jacoco.agent.rt.internal_8ff85ea.Agent.startup(Agent.java:122)
04-01 06:35:06.118  8387  8387 W System.err: 	at org.jacoco.agent.rt.internal_8ff85ea.Agent.getInstance(Agent.java:50)
04-01 06:35:06.118  8387  8387 W System.err: 	at org.jacoco.agent.rt.internal_8ff85ea.Offline.<clinit>(Offline.java:31)
04-01 06:35:06.118  8387  8387 W System.err: 	at org.jacoco.agent.rt.internal_8ff85ea.Offline.getProbes(Offline.java:51)
04-01 06:35:06.118  8387  8387 W System.err: 	at com.owncloud.android.MainApp.$jacocoInit(Unknown Source:13)
04-01 06:35:06.118  8387  8387 W System.err: 	at com.owncloud.android.MainApp.<clinit>(Unknown Source:0)
04-01 06:35:06.118  8387  8387 W System.err: 	at java.lang.Class.newInstance(Native Method)
04-01 06:35:06.118  8387  8387 W System.err: 	at android.app.AppComponentFactory.instantiateApplication(AppComponentFactory.java:76)
04-01 06:35:06.118  8387  8387 W System.err: 	at android.app.Instrumentation.newApplication(Instrumentation.java:1158)
04-01 06:35:06.118  8387  8387 W System.err: 	at android.app.LoadedApk.makeApplication(LoadedApk.java:1236)
04-01 06:35:06.118  8387  8387 W System.err: 	at android.app.ActivityThread.handleBindApplication(ActivityThread.java:6683)
04-01 06:35:06.118  8387  8387 W System.err: 	at android.app.ActivityThread.access$1300(ActivityThread.java:237)
04-01 06:35:06.118  8387  8387 W System.err: 	at android.app.ActivityThread$H.handleMessage(ActivityThread.java:1913)
04-01 06:35:06.119  8387  8387 W System.err: 	at android.os.Handler.dispatchMessage(Handler.java:106)
04-01 06:35:06.119  8387  8387 W System.err: 	at android.os.Looper.loop(Looper.java:223)
04-01 06:35:06.119  8387  8387 W System.err: 	at android.app.ActivityThread.main(ActivityThread.java:7656)
04-01 06:35:06.119  8387  8387 W System.err: 	at java.lang.reflect.Method.invoke(Native Method)
04-01 06:35:06.119  8387  8387 W System.err: 	at com.android.internal.os.RuntimeInit$MethodAndArgsCaller.run(RuntimeInit.java:592)
04-01 06:35:06.119  8387  8387 W System.err: 	at com.android.internal.os.ZygoteInit.main(ZygoteInit.java:947)
04-01 06:35:06.119  8387  8387 W System.err: Caused by: android.system.ErrnoException: open failed: EROFS (Read-only file system)
04-01 06:35:06.119  8387  8387 W System.err: 	at libcore.io.Linux.open(Native Method)
04-01 06:35:06.119  8387  8387 W System.err: 	at libcore.io.ForwardingOs.open(ForwardingOs.java:166)
04-01 06:35:06.119  8387  8387 W System.err: 	at libcore.io.BlockGuardOs.open(BlockGuardOs.java:254)
04-01 06:35:06.119  8387  8387 W System.err: 	at libcore.io.ForwardingOs.open(ForwardingOs.java:166)
04-01 06:35:06.119  8387  8387 W System.err: 	at android.app.ActivityThread$AndroidOs.open(ActivityThread.java:7542)
04-01 06:35:06.119  8387  8387 W System.err: 	at libcore.io.IoBridge.open(IoBridge.java:478)
04-01 06:35:06.119  8387  8387 W System.err: 	... 22 more
