--------- beginning of main
--------- beginning of system
--------- beginning of kernel
04-01 07:52:08.328  2758  2887 W System.err: SLF4J: Failed to load class "org.slf4j.impl.StaticLoggerBinder".
04-01 07:52:08.328  2758  2887 W System.err: SLF4J: Defaulting to no-operation (NOP) logger implementation
04-01 07:52:08.328  2758  2887 W System.err: SLF4J: See http://www.slf4j.org/codes.html#StaticLoggerBinder for further details.
--------- beginning of crash
04-01 07:52:17.913  2758  2951 E AndroidRuntime: FATAL EXCEPTION: Thread-23
04-01 07:52:17.913  2758  2951 E AndroidRuntime: Process: com.nextcloud.client, PID: 2758
04-01 07:52:17.913  2758  2951 E AndroidRuntime: java.lang.IllegalArgumentException: No suitable parent found from the given view. Please provide a valid view.
04-01 07:52:17.913  2758  2951 E AndroidRuntime: 	at android.support.design.widget.Snackbar.make(Snackbar.java:137)
04-01 07:52:17.913  2758  2951 E AndroidRuntime: 	at android.support.design.widget.Snackbar.make(Snackbar.java:170)
04-01 07:52:17.913  2758  2951 E AndroidRuntime: 	at com.owncloud.android.ui.preview.PreviewImageFragment.setErrorPreviewMessage(PreviewImageFragment.java:746)
04-01 07:52:17.913  2758  2951 E AndroidRuntime: 	at com.owncloud.android.datamodel.ThumbnailsCacheManager$ResizedImageGenerationTask.lambda$onPostExecute$0$ThumbnailsCacheManager$ResizedImageGenerationTask(ThumbnailsCacheManager.java:358)
04-01 07:52:17.913  2758  2951 E AndroidRuntime: 	at com.owncloud.android.datamodel.ThumbnailsCacheManager$ResizedImageGenerationTask$$Lambda$0.run(Unknown Source:2)
04-01 07:52:17.913  2758  2951 E AndroidRuntime: 	at java.lang.Thread.run(Thread.java:923)
04-01 07:52:18.108  2957  2957 W System.err: java.io.FileNotFoundException: /jacoco.exec: open failed: EROFS (Read-only file system)
04-01 07:52:18.108  2957  2957 W System.err: 	at libcore.io.IoBridge.open(IoBridge.java:492)
04-01 07:52:18.108  2957  2957 W System.err: 	at java.io.FileOutputStream.<init>(FileOutputStream.java:236)
04-01 07:52:18.108  2957  2957 W System.err: 	at org.jacoco.agent.rt.internal_8ff85ea.output.FileOutput.openFile(FileOutput.java:67)
04-01 07:52:18.108  2957  2957 W System.err: 	at org.jacoco.agent.rt.internal_8ff85ea.output.FileOutput.startup(FileOutput.java:49)
04-01 07:52:18.108  2957  2957 W System.err: 	at org.jacoco.agent.rt.internal_8ff85ea.Agent.startup(Agent.java:122)
04-01 07:52:18.108  2957  2957 W System.err: 	at org.jacoco.agent.rt.internal_8ff85ea.Agent.getInstance(Agent.java:50)
04-01 07:52:18.108  2957  2957 W System.err: 	at org.jacoco.agent.rt.internal_8ff85ea.Offline.<clinit>(Offline.java:31)
04-01 07:52:18.108  2957  2957 W System.err: 	at org.jacoco.agent.rt.internal_8ff85ea.Offline.getProbes(Offline.java:51)
04-01 07:52:18.108  2957  2957 W System.err: 	at com.owncloud.android.MainApp.$jacocoInit(Unknown Source:13)
04-01 07:52:18.108  2957  2957 W System.err: 	at com.owncloud.android.MainApp.<clinit>(Unknown Source:0)
04-01 07:52:18.108  2957  2957 W System.err: 	at java.lang.Class.newInstance(Native Method)
04-01 07:52:18.108  2957  2957 W System.err: 	at android.app.AppComponentFactory.instantiateApplication(AppComponentFactory.java:76)
04-01 07:52:18.108  2957  2957 W System.err: 	at android.app.Instrumentation.newApplication(Instrumentation.java:1158)
04-01 07:52:18.108  2957  2957 W System.err: 	at android.app.LoadedApk.makeApplication(LoadedApk.java:1236)
04-01 07:52:18.108  2957  2957 W System.err: 	at android.app.ActivityThread.handleBindApplication(ActivityThread.java:6683)
04-01 07:52:18.108  2957  2957 W System.err: 	at android.app.ActivityThread.access$1300(ActivityThread.java:237)
04-01 07:52:18.108  2957  2957 W System.err: 	at android.app.ActivityThread$H.handleMessage(ActivityThread.java:1913)
04-01 07:52:18.108  2957  2957 W System.err: 	at android.os.Handler.dispatchMessage(Handler.java:106)
04-01 07:52:18.108  2957  2957 W System.err: 	at android.os.Looper.loop(Looper.java:223)
04-01 07:52:18.108  2957  2957 W System.err: 	at android.app.ActivityThread.main(ActivityThread.java:7656)
04-01 07:52:18.108  2957  2957 W System.err: 	at java.lang.reflect.Method.invoke(Native Method)
04-01 07:52:18.108  2957  2957 W System.err: 	at com.android.internal.os.RuntimeInit$MethodAndArgsCaller.run(RuntimeInit.java:592)
04-01 07:52:18.108  2957  2957 W System.err: 	at com.android.internal.os.ZygoteInit.main(ZygoteInit.java:947)
04-01 07:52:18.109  2957  2957 W System.err: Caused by: android.system.ErrnoException: open failed: EROFS (Read-only file system)
04-01 07:52:18.109  2957  2957 W System.err: 	at libcore.io.Linux.open(Native Method)
04-01 07:52:18.109  2957  2957 W System.err: 	at libcore.io.ForwardingOs.open(ForwardingOs.java:166)
04-01 07:52:18.109  2957  2957 W System.err: 	at libcore.io.BlockGuardOs.open(BlockGuardOs.java:254)
04-01 07:52:18.109  2957  2957 W System.err: 	at libcore.io.ForwardingOs.open(ForwardingOs.java:166)
04-01 07:52:18.109  2957  2957 W System.err: 	at android.app.ActivityThread$AndroidOs.open(ActivityThread.java:7542)
04-01 07:52:18.109  2957  2957 W System.err: 	at libcore.io.IoBridge.open(IoBridge.java:478)
04-01 07:52:18.109  2957  2957 W System.err: 	... 22 more
04-01 07:52:19.005  2957  3006 W System.err: SLF4J: Failed to load class "org.slf4j.impl.StaticLoggerBinder".
04-01 07:52:19.006  2957  3006 W System.err: SLF4J: Defaulting to no-operation (NOP) logger implementation
04-01 07:52:19.006  2957  3006 W System.err: SLF4J: See http://www.slf4j.org/codes.html#StaticLoggerBinder for further details.
